{"/Users/Jackwe/form/src/App.js": {"path":"/Users/Jackwe/form/src/App.js","statementMap":{"0":{"start":{"line":6,"column":2},"end":{"line":10,"column":6}}},"fnMap":{"0":{"name":"App","decl":{"start":{"line":5,"column":9},"end":{"line":5,"column":12}},"loc":{"start":{"line":5,"column":14},"end":{"line":11,"column":1}},"line":5}},"branchMap":{},"s":{"0":0},"f":{"0":0},"b":{},"hash":"3edd570db3a2effed0f51e3d18176c6e32897adc"}
,"/Users/Jackwe/form/src/index.js": {"path":"/Users/Jackwe/form/src/index.js","statementMap":{"0":{"start":{"line":7,"column":0},"end":{"line":7,"column":58}},"1":{"start":{"line":12,"column":0},"end":{"line":12,"column":27}}},"fnMap":{},"branchMap":{},"s":{"0":0,"1":0},"f":{},"b":{},"hash":"d18bdc6c29b583c5ea20789bfe5913bb89e26187"}
,"/Users/Jackwe/form/src/serviceWorker.js": {"path":"/Users/Jackwe/form/src/serviceWorker.js","statementMap":{"0":{"start":{"line":13,"column":20},"end":{"line":21,"column":1}},"1":{"start":{"line":24,"column":2},"end":{"line":54,"column":3}},"2":{"start":{"line":26,"column":22},"end":{"line":26,"column":75}},"3":{"start":{"line":27,"column":4},"end":{"line":32,"column":5}},"4":{"start":{"line":31,"column":6},"end":{"line":31,"column":13}},"5":{"start":{"line":34,"column":4},"end":{"line":53,"column":7}},"6":{"start":{"line":35,"column":20},"end":{"line":35,"column":65}},"7":{"start":{"line":37,"column":6},"end":{"line":52,"column":7}},"8":{"start":{"line":39,"column":8},"end":{"line":39,"column":47}},"9":{"start":{"line":43,"column":8},"end":{"line":48,"column":11}},"10":{"start":{"line":44,"column":10},"end":{"line":47,"column":12}},"11":{"start":{"line":51,"column":8},"end":{"line":51,"column":39}},"12":{"start":{"line":58,"column":2},"end":{"line":98,"column":7}},"13":{"start":{"line":61,"column":6},"end":{"line":94,"column":8}},"14":{"start":{"line":62,"column":33},"end":{"line":62,"column":56}},"15":{"start":{"line":63,"column":8},"end":{"line":65,"column":9}},"16":{"start":{"line":64,"column":10},"end":{"line":64,"column":17}},"17":{"start":{"line":66,"column":8},"end":{"line":93,"column":10}},"18":{"start":{"line":67,"column":10},"end":{"line":92,"column":11}},"19":{"start":{"line":68,"column":12},"end":{"line":91,"column":13}},"20":{"start":{"line":72,"column":14},"end":{"line":75,"column":16}},"21":{"start":{"line":78,"column":14},"end":{"line":80,"column":15}},"22":{"start":{"line":79,"column":16},"end":{"line":79,"column":46}},"23":{"start":{"line":85,"column":14},"end":{"line":85,"column":64}},"24":{"start":{"line":88,"column":14},"end":{"line":90,"column":15}},"25":{"start":{"line":89,"column":16},"end":{"line":89,"column":47}},"26":{"start":{"line":97,"column":6},"end":{"line":97,"column":72}},"27":{"start":{"line":103,"column":2},"end":{"line":128,"column":7}},"28":{"start":{"line":108,"column":26},"end":{"line":108,"column":62}},"29":{"start":{"line":109,"column":6},"end":{"line":122,"column":7}},"30":{"start":{"line":114,"column":8},"end":{"line":118,"column":11}},"31":{"start":{"line":115,"column":10},"end":{"line":117,"column":13}},"32":{"start":{"line":116,"column":12},"end":{"line":116,"column":37}},"33":{"start":{"line":121,"column":8},"end":{"line":121,"column":39}},"34":{"start":{"line":125,"column":6},"end":{"line":127,"column":8}},"35":{"start":{"line":132,"column":2},"end":{"line":140,"column":3}},"36":{"start":{"line":133,"column":4},"end":{"line":139,"column":9}},"37":{"start":{"line":135,"column":8},"end":{"line":135,"column":34}},"38":{"start":{"line":138,"column":8},"end":{"line":138,"column":37}}},"fnMap":{"0":{"name":"register","decl":{"start":{"line":23,"column":16},"end":{"line":23,"column":24}},"loc":{"start":{"line":23,"column":33},"end":{"line":55,"column":1}},"line":23},"1":{"name":"(anonymous_1)","decl":{"start":{"line":34,"column":36},"end":{"line":34,"column":37}},"loc":{"start":{"line":34,"column":42},"end":{"line":53,"column":5}},"line":34},"2":{"name":"(anonymous_2)","decl":{"start":{"line":43,"column":43},"end":{"line":43,"column":44}},"loc":{"start":{"line":43,"column":49},"end":{"line":48,"column":9}},"line":43},"3":{"name":"registerValidSW","decl":{"start":{"line":57,"column":9},"end":{"line":57,"column":24}},"loc":{"start":{"line":57,"column":40},"end":{"line":99,"column":1}},"line":57},"4":{"name":"(anonymous_4)","decl":{"start":{"line":60,"column":10},"end":{"line":60,"column":11}},"loc":{"start":{"line":60,"column":26},"end":{"line":95,"column":5}},"line":60},"5":{"name":"(anonymous_5)","decl":{"start":{"line":61,"column":35},"end":{"line":61,"column":36}},"loc":{"start":{"line":61,"column":41},"end":{"line":94,"column":7}},"line":61},"6":{"name":"(anonymous_6)","decl":{"start":{"line":66,"column":41},"end":{"line":66,"column":42}},"loc":{"start":{"line":66,"column":47},"end":{"line":93,"column":9}},"line":66},"7":{"name":"(anonymous_7)","decl":{"start":{"line":96,"column":11},"end":{"line":96,"column":12}},"loc":{"start":{"line":96,"column":20},"end":{"line":98,"column":5}},"line":96},"8":{"name":"checkValidServiceWorker","decl":{"start":{"line":101,"column":9},"end":{"line":101,"column":32}},"loc":{"start":{"line":101,"column":48},"end":{"line":129,"column":1}},"line":101},"9":{"name":"(anonymous_9)","decl":{"start":{"line":106,"column":10},"end":{"line":106,"column":11}},"loc":{"start":{"line":106,"column":22},"end":{"line":123,"column":5}},"line":106},"10":{"name":"(anonymous_10)","decl":{"start":{"line":114,"column":43},"end":{"line":114,"column":44}},"loc":{"start":{"line":114,"column":59},"end":{"line":118,"column":9}},"line":114},"11":{"name":"(anonymous_11)","decl":{"start":{"line":115,"column":41},"end":{"line":115,"column":42}},"loc":{"start":{"line":115,"column":47},"end":{"line":117,"column":11}},"line":115},"12":{"name":"(anonymous_12)","decl":{"start":{"line":124,"column":11},"end":{"line":124,"column":12}},"loc":{"start":{"line":124,"column":17},"end":{"line":128,"column":5}},"line":124},"13":{"name":"unregister","decl":{"start":{"line":131,"column":16},"end":{"line":131,"column":26}},"loc":{"start":{"line":131,"column":29},"end":{"line":141,"column":1}},"line":131},"14":{"name":"(anonymous_14)","decl":{"start":{"line":134,"column":12},"end":{"line":134,"column":13}},"loc":{"start":{"line":134,"column":28},"end":{"line":136,"column":7}},"line":134},"15":{"name":"(anonymous_15)","decl":{"start":{"line":137,"column":13},"end":{"line":137,"column":14}},"loc":{"start":{"line":137,"column":22},"end":{"line":139,"column":7}},"line":137}},"branchMap":{"0":{"loc":{"start":{"line":14,"column":2},"end":{"line":20,"column":5}},"type":"binary-expr","locations":[{"start":{"line":14,"column":2},"end":{"line":14,"column":42}},{"start":{"line":16,"column":4},"end":{"line":16,"column":40}},{"start":{"line":18,"column":4},"end":{"line":20,"column":5}}],"line":14},"1":{"loc":{"start":{"line":24,"column":2},"end":{"line":54,"column":3}},"type":"if","locations":[{"start":{"line":24,"column":2},"end":{"line":54,"column":3}},{"start":{"line":24,"column":2},"end":{"line":54,"column":3}}],"line":24},"2":{"loc":{"start":{"line":24,"column":6},"end":{"line":24,"column":75}},"type":"binary-expr","locations":[{"start":{"line":24,"column":6},"end":{"line":24,"column":43}},{"start":{"line":24,"column":47},"end":{"line":24,"column":75}}],"line":24},"3":{"loc":{"start":{"line":27,"column":4},"end":{"line":32,"column":5}},"type":"if","locations":[{"start":{"line":27,"column":4},"end":{"line":32,"column":5}},{"start":{"line":27,"column":4},"end":{"line":32,"column":5}}],"line":27},"4":{"loc":{"start":{"line":37,"column":6},"end":{"line":52,"column":7}},"type":"if","locations":[{"start":{"line":37,"column":6},"end":{"line":52,"column":7}},{"start":{"line":37,"column":6},"end":{"line":52,"column":7}}],"line":37},"5":{"loc":{"start":{"line":63,"column":8},"end":{"line":65,"column":9}},"type":"if","locations":[{"start":{"line":63,"column":8},"end":{"line":65,"column":9}},{"start":{"line":63,"column":8},"end":{"line":65,"column":9}}],"line":63},"6":{"loc":{"start":{"line":67,"column":10},"end":{"line":92,"column":11}},"type":"if","locations":[{"start":{"line":67,"column":10},"end":{"line":92,"column":11}},{"start":{"line":67,"column":10},"end":{"line":92,"column":11}}],"line":67},"7":{"loc":{"start":{"line":68,"column":12},"end":{"line":91,"column":13}},"type":"if","locations":[{"start":{"line":68,"column":12},"end":{"line":91,"column":13}},{"start":{"line":68,"column":12},"end":{"line":91,"column":13}}],"line":68},"8":{"loc":{"start":{"line":78,"column":14},"end":{"line":80,"column":15}},"type":"if","locations":[{"start":{"line":78,"column":14},"end":{"line":80,"column":15}},{"start":{"line":78,"column":14},"end":{"line":80,"column":15}}],"line":78},"9":{"loc":{"start":{"line":78,"column":18},"end":{"line":78,"column":43}},"type":"binary-expr","locations":[{"start":{"line":78,"column":18},"end":{"line":78,"column":24}},{"start":{"line":78,"column":28},"end":{"line":78,"column":43}}],"line":78},"10":{"loc":{"start":{"line":88,"column":14},"end":{"line":90,"column":15}},"type":"if","locations":[{"start":{"line":88,"column":14},"end":{"line":90,"column":15}},{"start":{"line":88,"column":14},"end":{"line":90,"column":15}}],"line":88},"11":{"loc":{"start":{"line":88,"column":18},"end":{"line":88,"column":44}},"type":"binary-expr","locations":[{"start":{"line":88,"column":18},"end":{"line":88,"column":24}},{"start":{"line":88,"column":28},"end":{"line":88,"column":44}}],"line":88},"12":{"loc":{"start":{"line":109,"column":6},"end":{"line":122,"column":7}},"type":"if","locations":[{"start":{"line":109,"column":6},"end":{"line":122,"column":7}},{"start":{"line":109,"column":6},"end":{"line":122,"column":7}}],"line":109},"13":{"loc":{"start":{"line":110,"column":8},"end":{"line":111,"column":73}},"type":"binary-expr","locations":[{"start":{"line":110,"column":8},"end":{"line":110,"column":31}},{"start":{"line":111,"column":9},"end":{"line":111,"column":28}},{"start":{"line":111,"column":32},"end":{"line":111,"column":72}}],"line":110},"14":{"loc":{"start":{"line":132,"column":2},"end":{"line":140,"column":3}},"type":"if","locations":[{"start":{"line":132,"column":2},"end":{"line":140,"column":3}},{"start":{"line":132,"column":2},"end":{"line":140,"column":3}}],"line":132}},"s":{"0":0,"1":0,"2":0,"3":0,"4":0,"5":0,"6":0,"7":0,"8":0,"9":0,"10":0,"11":0,"12":0,"13":0,"14":0,"15":0,"16":0,"17":0,"18":0,"19":0,"20":0,"21":0,"22":0,"23":0,"24":0,"25":0,"26":0,"27":0,"28":0,"29":0,"30":0,"31":0,"32":0,"33":0,"34":0,"35":0,"36":0,"37":0,"38":0},"f":{"0":0,"1":0,"2":0,"3":0,"4":0,"5":0,"6":0,"7":0,"8":0,"9":0,"10":0,"11":0,"12":0,"13":0,"14":0,"15":0},"b":{"0":[0,0,0],"1":[0,0],"2":[0,0],"3":[0,0],"4":[0,0],"5":[0,0],"6":[0,0],"7":[0,0],"8":[0,0],"9":[0,0],"10":[0,0],"11":[0,0],"12":[0,0],"13":[0,0,0],"14":[0,0]},"hash":"53b442108a36d7b748c00e1bb7cb258467ec5b19"}
,"/Users/Jackwe/form/src/components/FormPanel.js": {"path":"/Users/Jackwe/form/src/components/FormPanel.js","statementMap":{"0":{"start":{"line":15,"column":81},"end":{"line":15,"column":95}},"1":{"start":{"line":16,"column":32},"end":{"line":16,"column":42}},"2":{"start":{"line":17,"column":42},"end":{"line":17,"column":56}},"3":{"start":{"line":19,"column":4},"end":{"line":26,"column":15}},"4":{"start":{"line":21,"column":8},"end":{"line":25,"column":9}},"5":{"start":{"line":22,"column":12},"end":{"line":22,"column":33}},"6":{"start":{"line":24,"column":12},"end":{"line":24,"column":32}},"7":{"start":{"line":29,"column":4},"end":{"line":186,"column":5}}},"fnMap":{"0":{"name":"FormPanel","decl":{"start":{"line":14,"column":9},"end":{"line":14,"column":18}},"loc":{"start":{"line":14,"column":30},"end":{"line":187,"column":1}},"line":14},"1":{"name":"(anonymous_1)","decl":{"start":{"line":19,"column":14},"end":{"line":19,"column":15}},"loc":{"start":{"line":19,"column":20},"end":{"line":26,"column":5}},"line":19}},"branchMap":{"0":{"loc":{"start":{"line":21,"column":8},"end":{"line":25,"column":9}},"type":"if","locations":[{"start":{"line":21,"column":8},"end":{"line":25,"column":9}},{"start":{"line":21,"column":8},"end":{"line":25,"column":9}}],"line":21},"1":{"loc":{"start":{"line":21,"column":12},"end":{"line":21,"column":71}},"type":"binary-expr","locations":[{"start":{"line":21,"column":12},"end":{"line":21,"column":30}},{"start":{"line":21,"column":32},"end":{"line":21,"column":50}},{"start":{"line":21,"column":52},"end":{"line":21,"column":71}}],"line":21}},"s":{"0":2,"1":2,"2":2,"3":2,"4":0,"5":0,"6":0,"7":2},"f":{"0":2,"1":0},"b":{"0":[0,0],"1":[0,0,0]},"_coverageSchema":"43e27e138ebf9cfc5966b082cf9a028302ed4184","hash":"b0330f2fdf72e2a7a557323667fb9a830596ea5b"}
,"/Users/Jackwe/form/src/components/RegisterForm.js": {"path":"/Users/Jackwe/form/src/components/RegisterForm.js","statementMap":{"0":{"start":{"line":6,"column":4},"end":{"line":10,"column":5}}},"fnMap":{"0":{"name":"RegisterForm","decl":{"start":{"line":5,"column":9},"end":{"line":5,"column":21}},"loc":{"start":{"line":5,"column":23},"end":{"line":11,"column":1}},"line":5}},"branchMap":{},"s":{"0":1},"f":{"0":1},"b":{},"_coverageSchema":"43e27e138ebf9cfc5966b082cf9a028302ed4184","hash":"7b6045b563b40e51a966c76a13194f0962fc0231"}
,"/Users/Jackwe/form/src/components/CheckboxInput/CheckboxInput.js": {"path":"/Users/Jackwe/form/src/components/CheckboxInput/CheckboxInput.js","statementMap":{"0":{"start":{"line":3,"column":22},"end":{"line":10,"column":1}},"1":{"start":{"line":4,"column":4},"end":{"line":9,"column":5}}},"fnMap":{"0":{"name":"(anonymous_0)","decl":{"start":{"line":3,"column":22},"end":{"line":3,"column":23}},"loc":{"start":{"line":3,"column":74},"end":{"line":10,"column":1}},"line":3}},"branchMap":{"0":{"loc":{"start":{"line":7,"column":60},"end":{"line":7,"column":72}},"type":"binary-expr","locations":[{"start":{"line":7,"column":60},"end":{"line":7,"column":65}},{"start":{"line":7,"column":67},"end":{"line":7,"column":72}}],"line":7}},"s":{"0":3,"1":3},"f":{"0":3},"b":{"0":[3,3]},"_coverageSchema":"43e27e138ebf9cfc5966b082cf9a028302ed4184","hash":"0ddc218e1a52f51151ec83abe22a0832f8bda250"}
,"/Users/Jackwe/form/src/components/SaveModal/SaveModal.js": {"path":"/Users/Jackwe/form/src/components/SaveModal/SaveModal.js","statementMap":{"0":{"start":{"line":5,"column":14},"end":{"line":91,"column":8}},"1":{"start":{"line":5,"column":47},"end":{"line":91,"column":8}}},"fnMap":{"0":{"name":"(anonymous_0)","decl":{"start":{"line":5,"column":14},"end":{"line":5,"column":15}},"loc":{"start":{"line":5,"column":47},"end":{"line":91,"column":8}},"line":5}},"branchMap":{"0":{"loc":{"start":{"line":5,"column":47},"end":{"line":91,"column":8}},"type":"cond-expr","locations":[{"start":{"line":5,"column":59},"end":{"line":91,"column":1}},{"start":{"line":91,"column":4},"end":{"line":91,"column":8}}],"line":5},"1":{"loc":{"start":{"line":56,"column":50},"end":{"line":56,"column":76}},"type":"cond-expr","locations":[{"start":{"line":56,"column":66},"end":{"line":56,"column":71}},{"start":{"line":56,"column":72},"end":{"line":56,"column":76}}],"line":56}},"s":{"0":2,"1":0},"f":{"0":0},"b":{"0":[0,0],"1":[0,0]},"_coverageSchema":"43e27e138ebf9cfc5966b082cf9a028302ed4184","hash":"c185bb88b40f8ab3726f5ded708dd39af33fb3fc"}
,"/Users/Jackwe/form/src/components/SelectInput/SelectInput.js": {"path":"/Users/Jackwe/form/src/components/SelectInput/SelectInput.js","statementMap":{"0":{"start":{"line":9,"column":4},"end":{"line":13,"column":7}},"1":{"start":{"line":10,"column":8},"end":{"line":10,"column":50}},"2":{"start":{"line":17,"column":4},"end":{"line":26,"column":5}},"3":{"start":{"line":22,"column":37},"end":{"line":22,"column":110}}},"fnMap":{"0":{"name":"SelectInput","decl":{"start":{"line":7,"column":9},"end":{"line":7,"column":20}},"loc":{"start":{"line":7,"column":111},"end":{"line":27,"column":1}},"line":7},"1":{"name":"(anonymous_1)","decl":{"start":{"line":9,"column":14},"end":{"line":9,"column":15}},"loc":{"start":{"line":9,"column":20},"end":{"line":13,"column":5}},"line":9},"2":{"name":"(anonymous_2)","decl":{"start":{"line":22,"column":29},"end":{"line":22,"column":30}},"loc":{"start":{"line":22,"column":37},"end":{"line":22,"column":110}},"line":22}},"branchMap":{"0":{"loc":{"start":{"line":20,"column":86},"end":{"line":20,"column":96}},"type":"binary-expr","locations":[{"start":{"line":20,"column":86},"end":{"line":20,"column":90}},{"start":{"line":20,"column":94},"end":{"line":20,"column":96}}],"line":20}},"s":{"0":2,"1":0,"2":2,"3":7},"f":{"0":2,"1":0,"2":7},"b":{"0":[2,2]},"_coverageSchema":"43e27e138ebf9cfc5966b082cf9a028302ed4184","hash":"e7ad1c19af3aba82775617191be5b1af29b1ae70"}
,"/Users/Jackwe/form/src/components/SelectInput/selectDropDown.js": {"path":"/Users/Jackwe/form/src/components/SelectInput/selectDropDown.js","statementMap":{"0":{"start":{"line":2,"column":23},"end":{"line":57,"column":1}},"1":{"start":{"line":3,"column":23},"end":{"line":3,"column":62}},"2":{"start":{"line":4,"column":21},"end":{"line":4,"column":58}},"3":{"start":{"line":5,"column":26},"end":{"line":5,"column":62}},"4":{"start":{"line":6,"column":21},"end":{"line":6,"column":23}},"5":{"start":{"line":7,"column":4},"end":{"line":9,"column":7}},"6":{"start":{"line":8,"column":4},"end":{"line":8,"column":38}},"7":{"start":{"line":13,"column":6},"end":{"line":29,"column":9}},"8":{"start":{"line":14,"column":8},"end":{"line":14,"column":39}},"9":{"start":{"line":15,"column":25},"end":{"line":15,"column":55}},"10":{"start":{"line":16,"column":8},"end":{"line":28,"column":9}},"11":{"start":{"line":17,"column":10},"end":{"line":23,"column":11}},"12":{"start":{"line":17,"column":23},"end":{"line":17,"column":24}},"13":{"start":{"line":18,"column":12},"end":{"line":22,"column":13}},"14":{"start":{"line":19,"column":14},"end":{"line":19,"column":55}},"15":{"start":{"line":21,"column":14},"end":{"line":21,"column":58}},"16":{"start":{"line":25,"column":10},"end":{"line":27,"column":11}},"17":{"start":{"line":25,"column":23},"end":{"line":25,"column":24}},"18":{"start":{"line":26,"column":12},"end":{"line":26,"column":56}},"19":{"start":{"line":31,"column":6},"end":{"line":40,"column":8}},"20":{"start":{"line":32,"column":8},"end":{"line":39,"column":11}},"21":{"start":{"line":33,"column":10},"end":{"line":33,"column":46}},"22":{"start":{"line":34,"column":22},"end":{"line":34,"column":57}},"23":{"start":{"line":35,"column":10},"end":{"line":35,"column":34}},"24":{"start":{"line":36,"column":10},"end":{"line":38,"column":13}},"25":{"start":{"line":37,"column":12},"end":{"line":37,"column":45}},"26":{"start":{"line":42,"column":6},"end":{"line":49,"column":9}},"27":{"start":{"line":43,"column":9},"end":{"line":43,"column":62}},"28":{"start":{"line":44,"column":9},"end":{"line":44,"column":40}},"29":{"start":{"line":45,"column":9},"end":{"line":45,"column":55}},"30":{"start":{"line":46,"column":9},"end":{"line":48,"column":12}},"31":{"start":{"line":47,"column":11},"end":{"line":47,"column":47}},"32":{"start":{"line":51,"column":6},"end":{"line":55,"column":9}},"33":{"start":{"line":52,"column":9},"end":{"line":52,"column":52}},"34":{"start":{"line":53,"column":8},"end":{"line":53,"column":42}},"35":{"start":{"line":54,"column":8},"end":{"line":54,"column":57}}},"fnMap":{"0":{"name":"(anonymous_0)","decl":{"start":{"line":2,"column":23},"end":{"line":2,"column":24}},"loc":{"start":{"line":2,"column":54},"end":{"line":57,"column":1}},"line":2},"1":{"name":"(anonymous_1)","decl":{"start":{"line":7,"column":26},"end":{"line":7,"column":27}},"loc":{"start":{"line":7,"column":34},"end":{"line":9,"column":5}},"line":7},"2":{"name":"(anonymous_2)","decl":{"start":{"line":13,"column":43},"end":{"line":13,"column":44}},"loc":{"start":{"line":13,"column":50},"end":{"line":29,"column":7}},"line":13},"3":{"name":"(anonymous_3)","decl":{"start":{"line":31,"column":28},"end":{"line":31,"column":29}},"loc":{"start":{"line":31,"column":36},"end":{"line":40,"column":7}},"line":31},"4":{"name":"(anonymous_4)","decl":{"start":{"line":32,"column":39},"end":{"line":32,"column":40}},"loc":{"start":{"line":32,"column":48},"end":{"line":39,"column":9}},"line":32},"5":{"name":"(anonymous_5)","decl":{"start":{"line":36,"column":32},"end":{"line":36,"column":33}},"loc":{"start":{"line":36,"column":44},"end":{"line":38,"column":11}},"line":36},"6":{"name":"(anonymous_6)","decl":{"start":{"line":42,"column":43},"end":{"line":42,"column":44}},"loc":{"start":{"line":42,"column":49},"end":{"line":49,"column":7}},"line":42},"7":{"name":"(anonymous_7)","decl":{"start":{"line":46,"column":31},"end":{"line":46,"column":32}},"loc":{"start":{"line":46,"column":43},"end":{"line":48,"column":10}},"line":46},"8":{"name":"(anonymous_8)","decl":{"start":{"line":51,"column":42},"end":{"line":51,"column":43}},"loc":{"start":{"line":51,"column":48},"end":{"line":55,"column":7}},"line":51}},"branchMap":{"0":{"loc":{"start":{"line":16,"column":8},"end":{"line":28,"column":9}},"type":"if","locations":[{"start":{"line":16,"column":8},"end":{"line":28,"column":9}},{"start":{"line":16,"column":8},"end":{"line":28,"column":9}}],"line":16},"1":{"loc":{"start":{"line":18,"column":12},"end":{"line":22,"column":13}},"type":"if","locations":[{"start":{"line":18,"column":12},"end":{"line":22,"column":13}},{"start":{"line":18,"column":12},"end":{"line":22,"column":13}}],"line":18}},"s":{"0":3,"1":0,"2":0,"3":0,"4":0,"5":0,"6":0,"7":0,"8":0,"9":0,"10":0,"11":0,"12":0,"13":0,"14":0,"15":0,"16":0,"17":0,"18":0,"19":0,"20":0,"21":0,"22":0,"23":0,"24":0,"25":0,"26":0,"27":0,"28":0,"29":0,"30":0,"31":0,"32":0,"33":0,"34":0,"35":0},"f":{"0":0,"1":0,"2":0,"3":0,"4":0,"5":0,"6":0,"7":0,"8":0},"b":{"0":[0,0],"1":[0,0]},"_coverageSchema":"43e27e138ebf9cfc5966b082cf9a028302ed4184","hash":"d1218e64135cf8221eb011b32ef6b12da3b5441a"}
,"/Users/Jackwe/form/src/components/SelectTextInput/SelectTextInput.js": {"path":"/Users/Jackwe/form/src/components/SelectTextInput/SelectTextInput.js","statementMap":{"0":{"start":{"line":8,"column":4},"end":{"line":18,"column":5}},"1":{"start":{"line":12,"column":50},"end":{"line":12,"column":173}}},"fnMap":{"0":{"name":"SelectTextInput","decl":{"start":{"line":5,"column":9},"end":{"line":5,"column":24}},"loc":{"start":{"line":5,"column":111},"end":{"line":19,"column":1}},"line":5},"1":{"name":"(anonymous_1)","decl":{"start":{"line":12,"column":40},"end":{"line":12,"column":41}},"loc":{"start":{"line":12,"column":50},"end":{"line":12,"column":173}},"line":12}},"branchMap":{"0":{"loc":{"start":{"line":12,"column":17},"end":{"line":12,"column":174}},"type":"binary-expr","locations":[{"start":{"line":12,"column":17},"end":{"line":12,"column":24}},{"start":{"line":12,"column":28},"end":{"line":12,"column":174}}],"line":12},"1":{"loc":{"start":{"line":14,"column":127},"end":{"line":14,"column":157}},"type":"cond-expr","locations":[{"start":{"line":14,"column":135},"end":{"line":14,"column":152}},{"start":{"line":14,"column":155},"end":{"line":14,"column":157}}],"line":14}},"s":{"0":3,"1":9},"f":{"0":3,"1":9},"b":{"0":[3,3],"1":[2,1]},"_coverageSchema":"43e27e138ebf9cfc5966b082cf9a028302ed4184","hash":"6df73e7f6e87d0bc01ee4422622a4d7573590241"}
,"/Users/Jackwe/form/src/components/TextAreaInput/TextAreaInput.js": {"path":"/Users/Jackwe/form/src/components/TextAreaInput/TextAreaInput.js","statementMap":{"0":{"start":{"line":5,"column":4},"end":{"line":11,"column":5}}},"fnMap":{"0":{"name":"TextareaInput","decl":{"start":{"line":4,"column":9},"end":{"line":4,"column":22}},"loc":{"start":{"line":4,"column":71},"end":{"line":12,"column":1}},"line":4}},"branchMap":{"0":{"loc":{"start":{"line":8,"column":119},"end":{"line":8,"column":149}},"type":"cond-expr","locations":[{"start":{"line":8,"column":127},"end":{"line":8,"column":144}},{"start":{"line":8,"column":147},"end":{"line":8,"column":149}}],"line":8}},"s":{"0":3},"f":{"0":3},"b":{"0":[2,1]},"_coverageSchema":"43e27e138ebf9cfc5966b082cf9a028302ed4184","hash":"26abfc69c0c9233a46bcc2f807b9a46615c4ba17"}
,"/Users/Jackwe/form/src/components/TextInput/TextInput.js": {"path":"/Users/Jackwe/form/src/components/TextInput/TextInput.js","statementMap":{"0":{"start":{"line":9,"column":4},"end":{"line":15,"column":5}}},"fnMap":{"0":{"name":"TextInput","decl":{"start":{"line":7,"column":9},"end":{"line":7,"column":18}},"loc":{"start":{"line":7,"column":80},"end":{"line":16,"column":1}},"line":7}},"branchMap":{"0":{"loc":{"start":{"line":12,"column":73},"end":{"line":12,"column":83}},"type":"binary-expr","locations":[{"start":{"line":12,"column":73},"end":{"line":12,"column":77}},{"start":{"line":12,"column":81},"end":{"line":12,"column":83}}],"line":12},"1":{"loc":{"start":{"line":12,"column":145},"end":{"line":12,"column":175}},"type":"cond-expr","locations":[{"start":{"line":12,"column":153},"end":{"line":12,"column":170}},{"start":{"line":12,"column":173},"end":{"line":12,"column":175}}],"line":12}},"s":{"0":3},"f":{"0":3},"b":{"0":[3,2],"1":[2,1]},"_coverageSchema":"43e27e138ebf9cfc5966b082cf9a028302ed4184","hash":"508f32a6b46b2bd97e22a674fa95e9317d0a0042"}
,"/Users/Jackwe/form/src/components/ValidationError/ValidationError.js": {"path":"/Users/Jackwe/form/src/components/ValidationError/ValidationError.js","statementMap":{"0":{"start":{"line":6,"column":24},"end":{"line":28,"column":1}},"1":{"start":{"line":7,"column":46},"end":{"line":7,"column":61}},"2":{"start":{"line":9,"column":24},"end":{"line":15,"column":5}},"3":{"start":{"line":10,"column":8},"end":{"line":14,"column":9}},"4":{"start":{"line":11,"column":12},"end":{"line":11,"column":36}},"5":{"start":{"line":13,"column":12},"end":{"line":13,"column":35}},"6":{"start":{"line":17,"column":4},"end":{"line":25,"column":5}}},"fnMap":{"0":{"name":"(anonymous_0)","decl":{"start":{"line":6,"column":24},"end":{"line":6,"column":25}},"loc":{"start":{"line":6,"column":41},"end":{"line":28,"column":1}},"line":6},"1":{"name":"(anonymous_1)","decl":{"start":{"line":9,"column":24},"end":{"line":9,"column":25}},"loc":{"start":{"line":9,"column":30},"end":{"line":15,"column":5}},"line":9}},"branchMap":{"0":{"loc":{"start":{"line":10,"column":8},"end":{"line":14,"column":9}},"type":"if","locations":[{"start":{"line":10,"column":8},"end":{"line":14,"column":9}},{"start":{"line":10,"column":8},"end":{"line":14,"column":9}}],"line":10},"1":{"loc":{"start":{"line":19,"column":16},"end":{"line":21,"column":19}},"type":"cond-expr","locations":[{"start":{"line":20,"column":16},"end":{"line":20,"column":123}},{"start":{"line":21,"column":17},"end":{"line":21,"column":19}}],"line":19},"2":{"loc":{"start":{"line":23,"column":13},"end":{"line":23,"column":37}},"type":"cond-expr","locations":[{"start":{"line":23,"column":27},"end":{"line":23,"column":34}},{"start":{"line":23,"column":35},"end":{"line":23,"column":37}}],"line":23}},"s":{"0":7,"1":8,"2":8,"3":1,"4":0,"5":1,"6":8},"f":{"0":8,"1":1},"b":{"0":[0,1],"1":[6,2],"2":[1,7]},"_coverageSchema":"43e27e138ebf9cfc5966b082cf9a028302ed4184","hash":"99b099d97b2f46768a37ee1a9113fa6f949eea95"}
,"/Users/Jackwe/form/src/hooks/useForm.js": {"path":"/Users/Jackwe/form/src/hooks/useForm.js","statementMap":{"0":{"start":{"line":2,"column":16},"end":{"line":54,"column":1}},"1":{"start":{"line":3,"column":30},"end":{"line":3,"column":49}},"2":{"start":{"line":5,"column":21},"end":{"line":13,"column":3}},"3":{"start":{"line":6,"column":4},"end":{"line":6,"column":52}},"4":{"start":{"line":7,"column":4},"end":{"line":10,"column":6}},"5":{"start":{"line":8,"column":6},"end":{"line":8,"column":17}},"6":{"start":{"line":9,"column":6},"end":{"line":9,"column":17}},"7":{"start":{"line":11,"column":4},"end":{"line":11,"column":27}},"8":{"start":{"line":12,"column":4},"end":{"line":12,"column":107}},"9":{"start":{"line":15,"column":23},"end":{"line":24,"column":3}},"10":{"start":{"line":17,"column":4},"end":{"line":22,"column":7}},"11":{"start":{"line":18,"column":6},"end":{"line":21,"column":7}},"12":{"start":{"line":19,"column":8},"end":{"line":19,"column":76}},"13":{"start":{"line":20,"column":8},"end":{"line":20,"column":25}},"14":{"start":{"line":23,"column":4},"end":{"line":23,"column":27}},"15":{"start":{"line":26,"column":29},"end":{"line":34,"column":3}},"16":{"start":{"line":27,"column":4},"end":{"line":31,"column":7}},"17":{"start":{"line":28,"column":6},"end":{"line":30,"column":7}},"18":{"start":{"line":29,"column":8},"end":{"line":29,"column":28}},"19":{"start":{"line":32,"column":4},"end":{"line":32,"column":27}},"20":{"start":{"line":36,"column":25},"end":{"line":39,"column":1}},"21":{"start":{"line":37,"column":20},"end":{"line":37,"column":28}},"22":{"start":{"line":38,"column":4},"end":{"line":38,"column":48}},"23":{"start":{"line":42,"column":24},"end":{"line":51,"column":3}},"24":{"start":{"line":43,"column":16},"end":{"line":43,"column":18}},"25":{"start":{"line":45,"column":4},"end":{"line":49,"column":29}},"26":{"start":{"line":46,"column":6},"end":{"line":46,"column":37}},"27":{"start":{"line":47,"column":6},"end":{"line":47,"column":27}},"28":{"start":{"line":49,"column":9},"end":{"line":49,"column":28}},"29":{"start":{"line":50,"column":4},"end":{"line":50,"column":24}},"30":{"start":{"line":53,"column":2},"end":{"line":53,"column":79}}},"fnMap":{"0":{"name":"(anonymous_0)","decl":{"start":{"line":2,"column":16},"end":{"line":2,"column":17}},"loc":{"start":{"line":2,"column":31},"end":{"line":54,"column":1}},"line":2},"1":{"name":"(anonymous_1)","decl":{"start":{"line":5,"column":21},"end":{"line":5,"column":22}},"loc":{"start":{"line":5,"column":26},"end":{"line":13,"column":3}},"line":5},"2":{"name":"(anonymous_2)","decl":{"start":{"line":7,"column":19},"end":{"line":7,"column":20}},"loc":{"start":{"line":7,"column":22},"end":{"line":10,"column":5}},"line":7},"3":{"name":"(anonymous_3)","decl":{"start":{"line":15,"column":23},"end":{"line":15,"column":24}},"loc":{"start":{"line":15,"column":28},"end":{"line":24,"column":3}},"line":15},"4":{"name":"(anonymous_4)","decl":{"start":{"line":17,"column":19},"end":{"line":17,"column":20}},"loc":{"start":{"line":17,"column":24},"end":{"line":22,"column":5}},"line":17},"5":{"name":"(anonymous_5)","decl":{"start":{"line":26,"column":29},"end":{"line":26,"column":30}},"loc":{"start":{"line":26,"column":36},"end":{"line":34,"column":3}},"line":26},"6":{"name":"(anonymous_6)","decl":{"start":{"line":27,"column":19},"end":{"line":27,"column":20}},"loc":{"start":{"line":27,"column":24},"end":{"line":31,"column":5}},"line":27},"7":{"name":"(anonymous_7)","decl":{"start":{"line":36,"column":25},"end":{"line":36,"column":26}},"loc":{"start":{"line":36,"column":30},"end":{"line":39,"column":1}},"line":36},"8":{"name":"(anonymous_8)","decl":{"start":{"line":42,"column":24},"end":{"line":42,"column":25}},"loc":{"start":{"line":42,"column":33},"end":{"line":51,"column":3}},"line":42}},"branchMap":{"0":{"loc":{"start":{"line":18,"column":6},"end":{"line":21,"column":7}},"type":"if","locations":[{"start":{"line":18,"column":6},"end":{"line":21,"column":7}},{"start":{"line":18,"column":6},"end":{"line":21,"column":7}}],"line":18},"1":{"loc":{"start":{"line":19,"column":18},"end":{"line":19,"column":75}},"type":"cond-expr","locations":[{"start":{"line":19,"column":42},"end":{"line":19,"column":58}},{"start":{"line":19,"column":61},"end":{"line":19,"column":75}}],"line":19},"2":{"loc":{"start":{"line":28,"column":6},"end":{"line":30,"column":7}},"type":"if","locations":[{"start":{"line":28,"column":6},"end":{"line":30,"column":7}},{"start":{"line":28,"column":6},"end":{"line":30,"column":7}}],"line":28},"3":{"loc":{"start":{"line":45,"column":4},"end":{"line":49,"column":29}},"type":"if","locations":[{"start":{"line":45,"column":4},"end":{"line":49,"column":29}},{"start":{"line":45,"column":4},"end":{"line":49,"column":29}}],"line":45}},"s":{"0":2,"1":2,"2":2,"3":0,"4":0,"5":0,"6":0,"7":0,"8":0,"9":2,"10":0,"11":0,"12":0,"13":0,"14":0,"15":2,"16":0,"17":0,"18":0,"19":0,"20":2,"21":0,"22":0,"23":2,"24":0,"25":0,"26":0,"27":0,"28":0,"29":0,"30":2},"f":{"0":2,"1":0,"2":0,"3":0,"4":0,"5":0,"6":0,"7":0,"8":0},"b":{"0":[0,0],"1":[0,0],"2":[0,0],"3":[0,0]},"_coverageSchema":"43e27e138ebf9cfc5966b082cf9a028302ed4184","hash":"2f4d77aa8e793fd85470f2661cbd18f362991dc0"}
,"/Users/Jackwe/form/src/hooks/useModal.js": {"path":"/Users/Jackwe/form/src/hooks/useModal.js","statementMap":{"0":{"start":{"line":3,"column":17},"end":{"line":14,"column":1}},"1":{"start":{"line":4,"column":36},"end":{"line":4,"column":51}},"2":{"start":{"line":7,"column":4},"end":{"line":7,"column":29}},"3":{"start":{"line":10,"column":2},"end":{"line":13,"column":3}}},"fnMap":{"0":{"name":"(anonymous_0)","decl":{"start":{"line":3,"column":17},"end":{"line":3,"column":18}},"loc":{"start":{"line":3,"column":23},"end":{"line":14,"column":1}},"line":3},"1":{"name":"toggle","decl":{"start":{"line":6,"column":11},"end":{"line":6,"column":17}},"loc":{"start":{"line":6,"column":20},"end":{"line":8,"column":3}},"line":6}},"branchMap":{},"s":{"0":2,"1":2,"2":0,"3":2},"f":{"0":2,"1":0},"b":{},"_coverageSchema":"43e27e138ebf9cfc5966b082cf9a028302ed4184","hash":"75b8528761331466e315bb88cc95118303b4990a"}
,"/Users/Jackwe/form/src/models/Model.js": {"path":"/Users/Jackwe/form/src/models/Model.js","statementMap":{"0":{"start":{"line":2,"column":18},"end":{"line":144,"column":1}}},"fnMap":{},"branchMap":{},"s":{"0":2},"f":{},"b":{},"_coverageSchema":"43e27e138ebf9cfc5966b082cf9a028302ed4184","hash":"815a398ba17482caca616a5c7ee2cf3effd539eb"}
}
